<?xml version="1.0" encoding="UTF-8"?>
<testsuite name="com.bridgelabz.CensusAnalyzerTest" tests="5" skipped="0" failures="0" errors="0" timestamp="2020-11-06T02:35:27" hostname="DESKTOP-RIBMOST" time="0.545">
  <properties/>
  <testcase name="givenStateCensusFile_withWrongPath_shouldThrowException" classname="com.bridgelabz.CensusAnalyzerTest" time="0.019"/>
  <testcase name="givenRightCensusFile_UnableToParse_ShouldThrowException" classname="com.bridgelabz.CensusAnalyzerTest" time="0.0"/>
  <testcase name="givenStateCodesCsvFile_IfHasCorrectNumberOFRecord_shouldReturnTrue" classname="com.bridgelabz.CensusAnalyzerTest" time="0.461"/>
  <testcase name="givenRightCensusFile_withDIlimiter_whenReturnWrongOutput_ShouldThrowException" classname="com.bridgelabz.CensusAnalyzerTest" time="0.043"/>
  <testcase name="givenRightCensusFile_withNoHeader_whenReturnWrongOutput_ShouldThrowException" classname="com.bridgelabz.CensusAnalyzerTest" time="0.019"/>
  <system-out><![CDATA[]]></system-out>
  <system-err><![CDATA[]]></system-err>
</testsuite>
