<?xml version="1.0" encoding="UTF-8"?>
<testsuite name="com.bridgelabz.CensusAnalyzerTest" tests="1" skipped="0" failures="0" errors="0" timestamp="2020-11-06T03:23:28" hostname="DESKTOP-RIBMOST" time="0.072">
  <properties/>
  <testcase name="givenRightStateCodeFile_withNoHeader_whenReturnWrongOutput_ShouldThrowException" classname="com.bridgelabz.CensusAnalyzerTest" time="0.072"/>
  <system-out><![CDATA[]]></system-out>
  <system-err><![CDATA[]]></system-err>
</testsuite>
